android/app/build/intermediates/manifest_merge_blame_file/release/manifest-merger-blame-release-report.txt
1<?xml version="1.0" encoding="utf-8"?>
2<manifest xmlns:android="http://schemas.android.com/apk/res/android"
3    package="com.blazeneuro.developer"
4    android:versionCode="1"
5    android:versionName="1.0" >
6
7    <uses-sdk
8        android:minSdkVersion="24"
9        android:targetSdkVersion="34" />
10
11    <uses-permission android:name="android.permission.INTERNET" />
11-->src/main/AndroidManifest.xml:5:5-67
11-->src/main/AndroidManifest.xml:5:22-64
12    <uses-permission android:name="android.permission.CAMERA" />
12-->src/main/AndroidManifest.xml:6:5-65
12-->src/main/AndroidManifest.xml:6:22-62
13
14    <permission
14-->[androidx.core:core:1.12.0] AndroidManifest.xml:22:5-24:47
15        android:name="com.blazeneuro.developer.DYNAMIC_RECEIVER_NOT_EXPORTED_PERMISSION"
15-->[androidx.core:core:1.12.0] AndroidManifest.xml:23:9-81
16        android:protectionLevel="signature" />
16-->[androidx.core:core:1.12.0] AndroidManifest.xml:24:9-44
17
18    <uses-permission android:name="com.blazeneuro.developer.DYNAMIC_RECEIVER_NOT_EXPORTED_PERMISSION" /> <!-- Don't require camera, as this requires a rear camera. This allows it to work on the Nexus 7 -->
18-->[androidx.core:core:1.12.0] AndroidManifest.xml:26:5-97
18-->[androidx.core:core:1.12.0] AndroidManifest.xml:26:22-94
19    <uses-feature
19-->[com.journeyapps:zxing-android-embedded:4.3.0] AndroidManifest.xml:25:5-27:36
20        android:name="android.hardware.camera"
20-->[com.journeyapps:zxing-android-embedded:4.3.0] AndroidManifest.xml:26:9-47
21        android:required="false" />
21-->[com.journeyapps:zxing-android-embedded:4.3.0] AndroidManifest.xml:27:9-33
22    <uses-feature
22-->[com.journeyapps:zxing-android-embedded:4.3.0] AndroidManifest.xml:28:5-30:36
23        android:name="android.hardware.camera.front"
23-->[com.journeyapps:zxing-android-embedded:4.3.0] AndroidManifest.xml:29:9-53
24        android:required="false" /> <!-- TODO replace above two with next line after Android 4.2 -->
24-->[com.journeyapps:zxing-android-embedded:4.3.0] AndroidManifest.xml:30:9-33
25    <!-- <uses-feature android:name="android.hardware.camera.any"/> -->
26    <uses-feature
26-->[com.journeyapps:zxing-android-embedded:4.3.0] AndroidManifest.xml:33:5-35:36
27        android:name="android.hardware.camera.autofocus"
27-->[com.journeyapps:zxing-android-embedded:4.3.0] AndroidManifest.xml:34:9-57
28        android:required="false" />
28-->[com.journeyapps:zxing-android-embedded:4.3.0] AndroidManifest.xml:35:9-33
29    <uses-feature
29-->[com.journeyapps:zxing-android-embedded:4.3.0] AndroidManifest.xml:36:5-38:36
30        android:name="android.hardware.camera.flash"
30-->[com.journeyapps:zxing-android-embedded:4.3.0] AndroidManifest.xml:37:9-53
31        android:required="false" />
31-->[com.journeyapps:zxing-android-embedded:4.3.0] AndroidManifest.xml:38:9-33
32    <uses-feature
32-->[com.journeyapps:zxing-android-embedded:4.3.0] AndroidManifest.xml:39:5-41:36
33        android:name="android.hardware.screen.landscape"
33-->[com.journeyapps:zxing-android-embedded:4.3.0] AndroidManifest.xml:40:9-57
34        android:required="false" />
34-->[com.journeyapps:zxing-android-embedded:4.3.0] AndroidManifest.xml:41:9-33
35    <uses-feature
35-->[com.journeyapps:zxing-android-embedded:4.3.0] AndroidManifest.xml:42:5-44:36
36        android:name="android.hardware.wifi"
36-->[com.journeyapps:zxing-android-embedded:4.3.0] AndroidManifest.xml:43:9-45
37        android:required="false" />
37-->[com.journeyapps:zxing-android-embedded:4.3.0] AndroidManifest.xml:44:9-33
38
39    <application
39-->src/main/AndroidManifest.xml:8:5-61:19
40        android:allowBackup="true"
40-->src/main/AndroidManifest.xml:9:9-35
41        android:appComponentFactory="androidx.core.app.CoreComponentFactory"
41-->[androidx.core:core:1.12.0] AndroidManifest.xml:28:18-86
42        android:dataExtractionRules="@xml/data_extraction_rules"
42-->src/main/AndroidManifest.xml:10:9-65
43        android:extractNativeLibs="false"
44        android:fullBackupContent="@xml/backup_rules"
44-->src/main/AndroidManifest.xml:11:9-54
45        android:icon="@mipmap/ic_launcher"
45-->src/main/AndroidManifest.xml:12:9-43
46        android:label="@string/app_name"
46-->src/main/AndroidManifest.xml:13:9-41
47        android:roundIcon="@mipmap/ic_launcher_round"
47-->src/main/AndroidManifest.xml:14:9-54
48        android:supportsRtl="true"
48-->src/main/AndroidManifest.xml:15:9-35
49        android:theme="@style/Theme.BlazeNeuroDeveloper"
49-->src/main/AndroidManifest.xml:16:9-57
50        android:usesCleartextTraffic="true" >
50-->src/main/AndroidManifest.xml:17:9-44
51        <activity
51-->src/main/AndroidManifest.xml:20:9-28:20
52            android:name="com.blazeneuro.developer.OnboardingActivity"
52-->src/main/AndroidManifest.xml:21:13-47
53            android:exported="true"
53-->src/main/AndroidManifest.xml:22:13-36
54            android:theme="@style/Theme.BlazeNeuroDeveloper" >
54-->src/main/AndroidManifest.xml:23:13-61
55            <intent-filter>
55-->src/main/AndroidManifest.xml:24:13-27:29
56                <action android:name="android.intent.action.MAIN" />
56-->src/main/AndroidManifest.xml:25:17-69
56-->src/main/AndroidManifest.xml:25:25-66
57
58                <category android:name="android.intent.category.LAUNCHER" />
58-->src/main/AndroidManifest.xml:26:17-77
58-->src/main/AndroidManifest.xml:26:27-74
59            </intent-filter>
60        </activity>
61        <activity
61-->src/main/AndroidManifest.xml:30:9-33:64
62            android:name="com.blazeneuro.developer.MainActivity"
62-->src/main/AndroidManifest.xml:31:13-41
63            android:exported="false"
63-->src/main/AndroidManifest.xml:32:13-37
64            android:theme="@style/Theme.BlazeNeuroDeveloper" />
64-->src/main/AndroidManifest.xml:33:13-61
65        <activity
65-->src/main/AndroidManifest.xml:35:9-37:40
66            android:name="com.blazeneuro.developer.LoginActivity"
66-->src/main/AndroidManifest.xml:36:13-42
67            android:exported="false" />
67-->src/main/AndroidManifest.xml:37:13-37
68        <activity
68-->src/main/AndroidManifest.xml:39:9-41:40
69            android:name="com.blazeneuro.developer.SignupActivity"
69-->src/main/AndroidManifest.xml:40:13-43
70            android:exported="false" />
70-->src/main/AndroidManifest.xml:41:13-37
71        <activity
71-->src/main/AndroidManifest.xml:43:9-45:40
72            android:name="com.blazeneuro.developer.EmailVerificationActivity"
72-->src/main/AndroidManifest.xml:44:13-54
73            android:exported="false" />
73-->src/main/AndroidManifest.xml:45:13-37
74        <activity
74-->src/main/AndroidManifest.xml:47:9-49:40
75            android:name="com.blazeneuro.developer.DashboardActivity"
75-->src/main/AndroidManifest.xml:48:13-46
76            android:exported="false" />
76-->src/main/AndroidManifest.xml:49:13-37
77        <activity
77-->src/main/AndroidManifest.xml:51:9-54:52
78            android:name="com.blazeneuro.developer.QRScanActivity"
78-->src/main/AndroidManifest.xml:52:13-43
79            android:exported="false"
79-->src/main/AndroidManifest.xml:53:13-37
80            android:screenOrientation="portrait" />
80-->src/main/AndroidManifest.xml:54:13-49
81        <activity
81-->src/main/AndroidManifest.xml:56:9-59:49
82            android:name="com.journeyapps.barcodescanner.CaptureActivity"
82-->src/main/AndroidManifest.xml:57:13-74
83            android:clearTaskOnLaunch="true"
83-->[com.journeyapps:zxing-android-embedded:4.3.0] AndroidManifest.xml:49:13-45
84            android:screenOrientation="portrait"
84-->src/main/AndroidManifest.xml:58:13-49
85            android:stateNotNeeded="true"
85-->[com.journeyapps:zxing-android-embedded:4.3.0] AndroidManifest.xml:51:13-42
86            android:theme="@style/zxing_CaptureTheme"
86-->[com.journeyapps:zxing-android-embedded:4.3.0] AndroidManifest.xml:52:13-54
87            android:windowSoftInputMode="stateAlwaysHidden" />
87-->[com.journeyapps:zxing-android-embedded:4.3.0] AndroidManifest.xml:53:13-60
88
89        <provider
89-->[androidx.emoji2:emoji2:1.3.0] AndroidManifest.xml:24:9-32:20
90            android:name="androidx.startup.InitializationProvider"
90-->[androidx.emoji2:emoji2:1.3.0] AndroidManifest.xml:25:13-67
91            android:authorities="com.blazeneuro.developer.androidx-startup"
91-->[androidx.emoji2:emoji2:1.3.0] AndroidManifest.xml:26:13-68
92            android:exported="false" >
92-->[androidx.emoji2:emoji2:1.3.0] AndroidManifest.xml:27:13-37
93            <meta-data
93-->[androidx.emoji2:emoji2:1.3.0] AndroidManifest.xml:29:13-31:52
94                android:name="androidx.emoji2.text.EmojiCompatInitializer"
94-->[androidx.emoji2:emoji2:1.3.0] AndroidManifest.xml:30:17-75
95                android:value="androidx.startup" />
95-->[androidx.emoji2:emoji2:1.3.0] AndroidManifest.xml:31:17-49
96            <meta-data
96-->[androidx.lifecycle:lifecycle-process:2.7.0] AndroidManifest.xml:29:13-31:52
97                android:name="androidx.lifecycle.ProcessLifecycleInitializer"
97-->[androidx.lifecycle:lifecycle-process:2.7.0] AndroidManifest.xml:30:17-78
98                android:value="androidx.startup" />
98-->[androidx.lifecycle:lifecycle-process:2.7.0] AndroidManifest.xml:31:17-49
99            <meta-data
99-->[androidx.profileinstaller:profileinstaller:1.3.0] AndroidManifest.xml:29:13-31:52
100                android:name="androidx.profileinstaller.ProfileInstallerInitializer"
100-->[androidx.profileinstaller:profileinstaller:1.3.0] AndroidManifest.xml:30:17-85
101                android:value="androidx.startup" />
101-->[androidx.profileinstaller:profileinstaller:1.3.0] AndroidManifest.xml:31:17-49
102        </provider>
103
104        <receiver
104-->[androidx.profileinstaller:profileinstaller:1.3.0] AndroidManifest.xml:34:9-52:20
105            android:name="androidx.profileinstaller.ProfileInstallReceiver"
105-->[androidx.profileinstaller:profileinstaller:1.3.0] AndroidManifest.xml:35:13-76
106            android:directBootAware="false"
106-->[androidx.profileinstaller:profileinstaller:1.3.0] AndroidManifest.xml:36:13-44
107            android:enabled="true"
107-->[androidx.profileinstaller:profileinstaller:1.3.0] AndroidManifest.xml:37:13-35
108            android:exported="true"
108-->[androidx.profileinstaller:profileinstaller:1.3.0] AndroidManifest.xml:38:13-36
109            android:permission="android.permission.DUMP" >
109-->[androidx.profileinstaller:profileinstaller:1.3.0] AndroidManifest.xml:39:13-57
110            <intent-filter>
110-->[androidx.profileinstaller:profileinstaller:1.3.0] AndroidManifest.xml:40:13-42:29
111                <action android:name="androidx.profileinstaller.action.INSTALL_PROFILE" />
111-->[androidx.profileinstaller:profileinstaller:1.3.0] AndroidManifest.xml:41:17-91
111-->[androidx.profileinstaller:profileinstaller:1.3.0] AndroidManifest.xml:41:25-88
112            </intent-filter>
113            <intent-filter>
113-->[androidx.profileinstaller:profileinstaller:1.3.0] AndroidManifest.xml:43:13-45:29
114                <action android:name="androidx.profileinstaller.action.SKIP_FILE" />
114-->[androidx.profileinstaller:profileinstaller:1.3.0] AndroidManifest.xml:44:17-85
114-->[androidx.profileinstaller:profileinstaller:1.3.0] AndroidManifest.xml:44:25-82
115            </intent-filter>
116            <intent-filter>
116-->[androidx.profileinstaller:profileinstaller:1.3.0] AndroidManifest.xml:46:13-48:29
117                <action android:name="androidx.profileinstaller.action.SAVE_PROFILE" />
117-->[androidx.profileinstaller:profileinstaller:1.3.0] AndroidManifest.xml:47:17-88
117-->[androidx.profileinstaller:profileinstaller:1.3.0] AndroidManifest.xml:47:25-85
118            </intent-filter>
119            <intent-filter>
119-->[androidx.profileinstaller:profileinstaller:1.3.0] AndroidManifest.xml:49:13-51:29
120                <action android:name="androidx.profileinstaller.action.BENCHMARK_OPERATION" />
120-->[androidx.profileinstaller:profileinstaller:1.3.0] AndroidManifest.xml:50:17-95
120-->[androidx.profileinstaller:profileinstaller:1.3.0] AndroidManifest.xml:50:25-92
121            </intent-filter>
122        </receiver>
123    </application>
124
125</manifest>